/home/osboxes/edk2sdm/edk2_LG_G7_THINQ/workspace/Build/LgG7ThinQPkg/DEBUG_GCC5/AARCH64/MdePkg/Library/BaseMemoryLibOptDxe/BaseMemoryLibOptDxe/OUTPUT/BaseMemoryLibOptDxe.lib
/home/osboxes/edk2sdm/edk2_LG_G7_THINQ/workspace/Build/LgG7ThinQPkg/DEBUG_GCC5/AARCH64/MdePkg/Library/DxePcdLib/DxePcdLib/OUTPUT/DxePcdLib.lib
/home/osboxes/edk2sdm/edk2_LG_G7_THINQ/workspace/Build/LgG7ThinQPkg/DEBUG_GCC5/AARCH64/MdePkg/Library/BaseLib/BaseLib/OUTPUT/BaseLib.lib
/home/osboxes/edk2sdm/edk2_LG_G7_THINQ/workspace/Build/LgG7ThinQPkg/DEBUG_GCC5/AARCH64/ArmPkg/Library/ArmLib/ArmBaseLib/OUTPUT/ArmBaseLib.lib
/home/osboxes/edk2sdm/edk2_LG_G7_THINQ/workspace/Build/LgG7ThinQPkg/DEBUG_GCC5/AARCH64/ArmPkg/Library/ArmCacheMaintenanceLib/ArmCacheMaintenanceLib/OUTPUT/ArmCacheMaintenanceLib.lib
/home/osboxes/edk2sdm/edk2_LG_G7_THINQ/workspace/Build/LgG7ThinQPkg/DEBUG_GCC5/AARCH64/MdePkg/Library/BaseIoLibIntrinsic/BaseIoLibIntrinsic/OUTPUT/BaseIoLibIntrinsic.lib
/home/osboxes/edk2sdm/edk2_LG_G7_THINQ/workspace/Build/LgG7ThinQPkg/DEBUG_GCC5/AARCH64/ArmPkg/Library/CompilerIntrinsicsLib/CompilerIntrinsicsLib/OUTPUT/CompilerIntrinsicsLib.lib
/home/osboxes/edk2sdm/edk2_LG_G7_THINQ/workspace/Build/LgG7ThinQPkg/DEBUG_GCC5/AARCH64/MdePkg/Library/BaseDebugPrintErrorLevelLib/BaseDebugPrintErrorLevelLib/OUTPUT/BaseDebugPrintErrorLevelLib.lib
/home/osboxes/edk2sdm/edk2_LG_G7_THINQ/workspace/Build/LgG7ThinQPkg/DEBUG_GCC5/AARCH64/MdePkg/Library/BasePrintLib/BasePrintLib/OUTPUT/BasePrintLib.lib
/home/osboxes/edk2sdm/edk2_LG_G7_THINQ/workspace/Build/LgG7ThinQPkg/DEBUG_GCC5/AARCH64/LgG7ThinQPkg/Library/FrameBufferSerialPortLib/FrameBufferSerialPortLib/OUTPUT/FrameBufferSerialPortLib.lib
/home/osboxes/edk2sdm/edk2_LG_G7_THINQ/workspace/Build/LgG7ThinQPkg/DEBUG_GCC5/AARCH64/MdePkg/Library/BaseDebugLibSerialPort/BaseDebugLibSerialPort/OUTPUT/BaseDebugLibSerialPort.lib
/home/osboxes/edk2sdm/edk2_LG_G7_THINQ/workspace/Build/LgG7ThinQPkg/DEBUG_GCC5/AARCH64/MdePkg/Library/UefiMemoryAllocationLib/UefiMemoryAllocationLib/OUTPUT/UefiMemoryAllocationLib.lib
/home/osboxes/edk2sdm/edk2_LG_G7_THINQ/workspace/Build/LgG7ThinQPkg/DEBUG_GCC5/AARCH64/MdePkg/Library/UefiDevicePathLib/UefiDevicePathLib/OUTPUT/UefiDevicePathLib.lib
/home/osboxes/edk2sdm/edk2_LG_G7_THINQ/workspace/Build/LgG7ThinQPkg/DEBUG_GCC5/AARCH64/MdePkg/Library/UefiBootServicesTableLib/UefiBootServicesTableLib/OUTPUT/UefiBootServicesTableLib.lib
/home/osboxes/edk2sdm/edk2_LG_G7_THINQ/workspace/Build/LgG7ThinQPkg/DEBUG_GCC5/AARCH64/MdePkg/Library/UefiRuntimeServicesTableLib/UefiRuntimeServicesTableLib/OUTPUT/UefiRuntimeServicesTableLib.lib
/home/osboxes/edk2sdm/edk2_LG_G7_THINQ/workspace/Build/LgG7ThinQPkg/DEBUG_GCC5/AARCH64/MdePkg/Library/UefiLib/UefiLib/OUTPUT/UefiLib.lib
/home/osboxes/edk2sdm/edk2_LG_G7_THINQ/workspace/Build/LgG7ThinQPkg/DEBUG_GCC5/AARCH64/MdePkg/Library/DxeHobLib/DxeHobLib/OUTPUT/DxeHobLib.lib
/home/osboxes/edk2sdm/edk2_LG_G7_THINQ/workspace/Build/LgG7ThinQPkg/DEBUG_GCC5/AARCH64/IntelFrameworkModulePkg/Library/DxeReportStatusCodeLibFramework/DxeReportStatusCodeLib/OUTPUT/DxeReportStatusCodeLib.lib
/home/osboxes/edk2sdm/edk2_LG_G7_THINQ/workspace/Build/LgG7ThinQPkg/DEBUG_GCC5/AARCH64/MdePkg/Library/UefiDriverEntryPoint/UefiDriverEntryPoint/OUTPUT/UefiDriverEntryPoint.lib
/home/osboxes/edk2sdm/edk2_LG_G7_THINQ/workspace/Build/LgG7ThinQPkg/DEBUG_GCC5/AARCH64/MdePkg/Library/BaseStackCheckLib/BaseStackCheckLib/OUTPUT/BaseStackCheckLib.lib
/home/osboxes/edk2sdm/edk2_LG_G7_THINQ/workspace/Build/LgG7ThinQPkg/DEBUG_GCC5/AARCH64/MdeModulePkg/Universal/WatchdogTimerDxe/WatchdogTimer/OUTPUT/WatchdogTimer.lib